17:26:27.713 [main] INFO  org.testng.internal.Utils - [Utils] MethodGroupsHelper.sortMethods() took 0 ms.
17:26:27.726 [main] INFO  org.testng.internal.Utils - [TestNG] Running:
  C:\Users\B.Prashanth Kumar\AppData\Local\Temp\testng-eclipse--1557751282\testng-customsuite.xml

17:26:27.744 [main] INFO  org.testng.internal.Utils - [Utils] DynamicGraphHelper.createDynamicGraph() took 3 ms.
17:26:27.911 [main] INFO  org.testng.internal.Utils - [TestNG] Time taken by org.testng.reporters.jq.Main@4eed46ee: 69 ms
17:26:27.928 [main] INFO  org.testng.internal.Utils - [TestNG] Time taken by org.testng.reporters.FailedReporter@76c7beb3: 17 ms
17:26:27.946 [main] INFO  org.testng.internal.Utils - [TestNG] Time taken by org.testng.reporters.XMLReporter@26fb628: 17 ms
17:26:27.953 [main] INFO  org.testng.internal.Utils - [TestNG] Time taken by org.testng.reporters.EmailableReporter2@5e8f9e2d: 7 ms
17:26:27.960 [main] INFO  org.testng.internal.Utils - [TestNG] Time taken by org.testng.reporters.JUnitReportReporter@60fa3495: 6 ms
17:26:27.960 [main] INFO  org.testng.internal.Utils - [TestNG] Time taken by org.testng.internal.ExitCodeListener@3e2822: 0 ms
17:26:41.982 [main] INFO  org.testng.internal.Utils - [TestNG] Running:
  C:\Workspace-CoreJava\OpenCart\testng.xml

17:26:44.180 [main] INFO  testCases.LoginTest - ****This is Starting Point****
17:26:45.382 [main] INFO  testCases.LoginTest - **Login Done**
17:26:45.425 [main] INFO  testCases.LoginTest - ****This is Ending  Point****
18:18:10.701 [main] INFO  org.testng.internal.Utils - [TestNG] Running:
  C:\Workspace-CoreJava\OpenCart\testng.xml

18:20:53.612 [main] INFO  org.testng.internal.Utils - [TestNG] Running:
  C:\Workspace-CoreJava\OpenCart\testng.xml

18:23:58.795 [main] INFO  org.testng.internal.Utils - [TestNG] Running:
  C:\Workspace-CoreJava\OpenCart\testng.xml

18:35:09.967 [main] INFO  org.testng.internal.Utils - [TestNG] Running:
  C:\Workspace-CoreJava\OpenCart\testng.xml

19:20:50.660 [main] INFO  org.testng.internal.Utils - [TestNG] Running:
  C:\Workspace-CoreJava\OpenCart\testng.xml

19:25:02.000 [main] INFO  org.testng.internal.Utils - [TestNG] Running:
  C:\Workspace-CoreJava\OpenCart\testng.xml

19:26:40.449 [main] INFO  org.testng.internal.Utils - [TestNG] Running:
  C:\Workspace-CoreJava\OpenCart\testng.xml

19:27:50.260 [main] INFO  org.testng.internal.Utils - [TestNG] Running:
  C:\Workspace-CoreJava\OpenCart\testng.xml

19:30:23.018 [main] INFO  org.testng.internal.Utils - [TestNG] Running:
  C:\Workspace-CoreJava\OpenCart\testng.xml

20:02:41.216 [main] INFO  org.testng.internal.Utils - [TestNG] Running:
  C:\Workspace-CoreJava\OpenCart\testng.xml

20:11:33.363 [main] INFO  org.testng.internal.Utils - [TestNG] Running:
  C:\Workspace-CoreJava\OpenCart\testng.xml

20:31:19.976 [main] INFO  org.testng.internal.Utils - [TestNG] Running:
  C:\Workspace-CoreJava\OpenCart\testng.xml

20:31:23.330 [main] INFO  testCases.DataDriverLoginData - ****This is Starting Point****
20:31:44.208 [main] INFO  testCases.DataDriverLoginData - ****This is Starting Point****
20:32:05.312 [main] INFO  testCases.DataDriverLoginData - ****This is Starting Point****
20:32:26.310 [main] INFO  testCases.DataDriverLoginData - ****This is Starting Point****
20:32:47.237 [main] INFO  testCases.DataDriverLoginData - ****This is Starting Point****
11:08:01.227 [main] INFO  org.testng.internal.Utils - [TestNG] Running:
  C:\Workspace-CoreJava\OpenCart\testng.xml

11:08:05.360 [main] INFO  testCases.DataDriverLoginData - ****This is Starting Point****
11:08:26.431 [main] INFO  testCases.DataDriverLoginData - ****This is Starting Point****
11:08:27.998 [main] INFO  testCases.DataDriverLoginData - ****This is Starting Point****
11:08:49.062 [main] INFO  testCases.DataDriverLoginData - ****This is Starting Point****
11:09:09.933 [main] INFO  testCases.DataDriverLoginData - ****This is Starting Point****
11:14:44.924 [main] INFO  org.testng.internal.Utils - [TestNG] Running:
  C:\Workspace-CoreJava\OpenCart\testng.xml

11:14:47.752 [main] INFO  testCases.DataDriverLoginData - ****This is Starting Point****
11:15:08.652 [main] INFO  testCases.DataDriverLoginData - ****This is Starting Point****
11:15:10.084 [main] INFO  testCases.DataDriverLoginData - ****This is Starting Point****
11:15:30.997 [main] INFO  testCases.DataDriverLoginData - ****This is Starting Point****
11:15:51.956 [main] INFO  testCases.DataDriverLoginData - ****This is Starting Point****
13:25:35.585 [main] INFO  org.testng.internal.Utils - [TestNG] Running:
  C:\Workspace-CoreJava\OpenCart\GroupTesting.xml

13:25:39.399 [main] INFO  testCases.LoginTest - ****This is Starting Point****
13:25:40.479 [main] INFO  testCases.LoginTest - **Login Done**
13:25:40.506 [main] INFO  testCases.LoginTest - ****This is Ending  Point****
13:30:15.967 [main] INFO  org.testng.internal.Utils - [TestNG] Running:
  C:\Workspace-CoreJava\OpenCart\GroupTesting.xml

13:30:18.058 [main] INFO  testCases.AccountRegistrationTest - This is starting point.....
